<?xml version="1.0" encoding="UTF-8"?>
<testsuite xmlns:xsi="http://www.w3.org/2001/XMLSchema-instance" xsi:noNamespaceSchemaLocation="https://maven.apache.org/surefire/maven-surefire-plugin/xsd/surefire-test-report-3.0.xsd" version="3.0" name="TestSuite" time="189.48" tests="1" errors="0" skipped="0" failures="0">
  <properties>
[...]
</properties>
  <testcase name="runScenario[&quot;Successful implementation of test case1&quot;, &quot;VeevaSystems Automation coding Assessment&quot;](1)" classname="runner.runnerClass" time="187.324">
    <system-out><![CDATA[
Scenario: Successful implementation of test case1                                               # src/test/resources/features/cp.feature:9
****CHROME Application Launching with URL :: https://www.nba.com/warriors *****
Application Launched Successfully with :Golden State Warriors
  Given User navigates to core product test url                                                 # stepDefs.stepDefinitions.user_navigates_to_core_product_test_url()
  Then User hovering on shop menu and navigating Mens Section                                   # stepDefs.stepDefinitions.User_hovering_on_Shop_menu_and_navigating_Mens_Section()
  Then User select the jackets from all department section                                      # stepDefs.stepDefinitions.User_select_the_jackets_from_all_department_section()
$224.99
$154.99
$99.99
$154.99
$92.99
$184.99
$119.99
$74.99
$134.99
$84.99
$164.99
$159.99
$74.99
$174.99
$126.99
$119.99
$74.99
$139.99
$149.99
$179.99
$82.99
$164.99
$84.99
$129.99
$188.00
$79.99
$159.99
$82.99
$84.99
$119.99
$119.99
$104.99
$154.99
$79.99
$104.99
$119.99
$39.99
$84.99
$134.99
$79.99
$179.99
$234.99
$84.99
$119.99
$139.99
$129.99
$84.99
$82.99
$164.99
$169.99
$84.99
$79.99
$119.99
$134.99
$131.99
$149.99
$89.99
$274.99
$79.99
$84.99
$129.99
$79.99
$114.99
$94.99
$114.99
$79.99
$149.99
$174.99
$115.99
$114.99
$139.99
$117.99
$149.99
$119.99
$84.99
$149.99
$199.99
Men's Mitchell & Ness Black Golden State Warriors Hardwood Classics Blackout Collection Full-Snap Varsity Jacket
Men's Nike Royal Golden State Warriors 2023/24 Authentic Showtime Full-Zip Hoodie
Men's Nike Royal Golden State Warriors Courtside Premium Club Anorak Quarter-Zip Pullover Hoodie
Men's Nike Royal Golden State Warriors Authentic On-Court Showtime Performance Full-Zip Hoodie
Men's Nike Black Golden State Warriors 2023/24 City Edition Courtside Premier Full-Snap Bomber Jacket
Men's JH Design Royal/White Golden State Warriors Reversible Fleece & Faux Leather Full-Snap Jacket
Men's Nike Black Golden State Warriors 2024/25 Courtside Performance Half-Zip Top
Unisex Mitchell & Ness Royal Golden State Warriors Hardwood Classics Team OG 3.0 Anorak Half-Zip Windbreaker Jacket
Men's Nike Navy Golden State Warriors 2024/25 City Edition Authentic Coaches Performance Half-Zip Top
Men's Nike Navy Golden State Warriors 2024/25 City Edition Authentic Showtime Performance Full-Zip Jacket
Men's Starter Royal Golden State Warriors Captain Oxford Full-Zip Jacket
Men's Nike Royal Golden State Warriors 2024/25 Courtside Performance Half-Zip Top
Men's Pro Standard Royal Golden State Warriors Sublimated Satin Full-Snap Jacket
Men's Antigua Black Golden State Warriors Sway Full-Zip Hoodie Jacket
Men's Mitchell & Ness Royal Golden State Warriors Hardwood Classics Throwback Wordmark Raglan Full-Snap Jacket
Men's Nike Royal Golden State Warriors Authentic Performance Half-Zip Jacket
Unisex The Wild Collective Blue Golden State Warriors Coaches Full-Zip Denim Jacket
Men's Mitchell & Ness Black Golden State Warriors Blackout Collection Vintage Full-Snap Satin Jacket
Men's G-III Sports by Carl Banks Black Golden State Warriors Clutch Hitter Full-Snap Varsity Jacket
Men's Nike Black/Yellow Golden State Warriors 2022/23 City Edition Showtime Thermaflex Full-Zip Jacket
Men's Antigua Charcoal Golden State Warriors Metallic Logo Victory Raglan Pullover Hoodie
Men's Pro Standard Black Golden State Warriors Script Tail Full-Snap Satin Varsity Jacket
Men's Starter x Levi's Royal Golden State Warriors Silver Label Trucker Satin Full-Snap Jacket
Men's Antigua Black Golden State Warriors Tribute Quarter-Zip Pullover Top
Men's Starter Royal/Gold Golden State Warriors Charger Half-Zip Pullover Jacket
Men's Antigua Black Golden State Warriors Twist Quarter-Zip Pullover Top
Men's Antigua Black Golden State Warriors Metallic Logo Victory Raglan Full-Zip Hoodie
Men's JH Design Gray/Royal Golden State Warriors Embroidered Logo Reversible Fleece Full-Snap Jacket
Men's New Era Navy Golden State Warriors 2024/25 City Edition Full-Zip Windbreaker Jacket
Men's Columbia Black Golden State Warriors Omni-Wick Shotgun Quarter-Zip Pullover
Men's Starter Royal Golden State Warriors Scout I Full-Snap Varsity Jacket
Men's G-III Sports by Carl Banks Royal/White Golden State Warriors Back Field Full-Zip Track Jacket
Men's Columbia White Golden State Warriors Omni-Wick Shotgun Quarter-Zip Pullover
Men's Tommy Jeans Royal Golden State Warriors Jacob Chain Stitch Applique Full-Snap Varsity Jacket
Men's Nike Black Golden State Warriors 2023/24 City Edition Authentic Coaches Half-Zip Top
Men's Mitchell & Ness Royal Golden State Warriors Hardwood Classics Big Shot Premium Full-Zip Windbreaker Jacket
Men's Antigua Royal Golden State Warriors Tribute Quarter-Zip Pullover Top
Men's Starter Gold Golden State Warriors Reversible Satin Full-Snap Varsity Jacket
Men's JH Design Royal Golden State Warriors 7-Time NBA Finals Champions Reversible Wool Full-Zip Jacket
Men's Antigua Black Golden State Warriors Metallic Logo Victory Raglan Pullover Hoodie
Men's Mitchell & Ness White Golden State Warriors Hardwood Classics Throwback Wordmark Raglan Full-Snap Jacket
Men's Starter Royal/Gold Golden State Warriors Scout Full-Snap Varsity Jacket
Men's Jordan Brand Gray Golden State Warriors Courtside Statement Edition Jumpman Jam Full-Zip Jacket
Men's Columbia Gray Golden State Warriors Fast Trek III Half-Zip Fleece Pullover
Men's Nike Black Golden State Warriors 2023/24 City Edition Authentic Showtime Performance Raglan Full-Zip Jacket
Men's G-III Sports by Carl Banks Tan Golden State Warriors Build Up Heavy Duck Canvas Full-Zip Hoodie
Men's Antigua Charcoal Golden State Warriors Metallic Logo Victory Raglan Full-Zip Hoodie
Men's Antigua Charcoal Golden State Warriors Metallic Logo Tribute Quarter-Zip Top
Unisex The Wild Collective Black Golden State Warriors Flannel Full-Zip Shacket
Men's Mitchell & Ness Royal Golden State Warriors Undeniable Full-Zip Windbreaker Jacket
Men's Antigua Black Golden State Warriors Swelter Full-Zip Puffer Jacket
Men's Starter Black Golden State Warriors Home Game Satin Full-Snap Varsity Jacket
Men's G-III Sports by Carl Banks Royal Golden State Warriors Contender Full-Zip Hoodie Jacket
Men's Mitchell & Ness Royal Golden State Warriors Hardwood Classics Varsity Full-Snap Jacket
Men's G-III Sports by Carl Banks Royal Golden State Warriors Game Ball Full-Zip Track Jacket
Men's Antigua White Golden State Warriors Metallic Logo Victory Raglan Full-Zip Hoodie
Men's Starter Gold Golden State Warriors Slider Satin Full-Snap Varsity Jacket
Men's Antigua Charcoal Golden State Warriors Shamrock Tribute Quarter-Zip Pullover Top
Men's Columbia Gray Golden State Warriors Omni-Wick In The Element Full-Zip Vest
Men's Columbia Gray Golden State Warriors Park View Half-Zip Top
Men's Antigua Natural Golden State Warriors Fortune Quarter-Zip Pullover Jacket
Men's JH Design Black Golden State Warriors 2023/24 City Edition Full-Zip Bomber Jacket
Unisex Mitchell & Ness Royal Golden State Warriors Vintage Team Origins Satin Full-Snap Jacket
Men's Antigua Heather Black Golden State Warriors Cloud Pullover Hoodie
Men's Antigua Black Golden State Warriors Altitude Full-Zip Jacket
Men's Starter White/Royal Golden State Warriors Renegade Satin Full-Snap Varsity Jacket
Men's Columbia Black Golden State Warriors Oroville Creek Lined Full-Zip Jacket
Men's Starter Royal Golden State Warriors Home Game Satin Full-Snap Varsity Jacket
Men's Mitchell & Ness Navy Golden State Warriors Big & Tall Hardwood Classics Raglan Satin Full-Snap Jacket
Men's Columbia Royal Golden State Warriors Fast Trek III Half-Zip Fleece Pullover
Men's JH Design Black Golden State Warriors 2022/23 City Edition Full-Zip Nylon Bomber Jacket
Men's JH Design Royal Golden State Warriors Reversible Wool Full-Zip Jacket
Most Popular
in Jackets
Most Popular
in Jackets
Most Popular
in Jackets
Most Popular
in Jackets
Most Popular
in Jackets
Most Popular
in Jackets
Most Popular
in Men Jackets
Most Popular
in Jackets
Next button is disabled.
  And User collected all the Jackets Price title and Most popular jackets text into a text file # stepDefs.stepDefinitions.User_collected_all_the_Jackets_Price_title_and_Most_popular_jackets_text_into_a_text_file()
]]></system-out>
    <system-err><![CDATA[SLF4J: Failed to load class "org.slf4j.impl.StaticLoggerBinder".
SLF4J: Defaulting to no-operation (NOP) logger implementation
SLF4J: See http://www.slf4j.org/codes.html#StaticLoggerBinder for further details.
Feb 25, 2025 10:10:03 AM org.openqa.selenium.devtools.CdpVersionFinder findNearestMatch
WARNING: Unable to find an exact match for CDP version 133, returning the closest version; found: 131; Please update to a Selenium version that supports CDP version 133
]]></system-err>
  </testcase>
</testsuite>