<?xml version="1.0" encoding="UTF-8"?>
<testng-results ignored="0" total="1" passed="1" failed="0" skipped="0">
  <reporter-output>
  </reporter-output>
  <suite started-at="2025-02-25T10:09:52 IST" name="Automation Veeva Assessment" finished-at="2025-02-25T10:13:01 IST" duration-ms="188731">
    <groups>
      <group name="cucumber">
        <method signature="AbstractTestNGCucumberTests.runScenario(io.cucumber.testng.PickleWrapper,io.cucumber.testng.FeatureWrapper)[pri:0, instance:runner.runnerClass@635eaaf1]" name="runScenario" class="io.cucumber.testng.AbstractTestNGCucumberTests"/>
      </group> <!-- cucumber -->
    </groups>
    <test started-at="2025-02-25T10:09:52 IST" name="/Users/nagadeepjiripurapu/launchApp" finished-at="2025-02-25T10:13:01 IST" duration-ms="188731">
      <class name="runner.runnerClass">
        <test-method is-config="true" signature="setUpClass(org.testng.ITestContext)[pri:0, instance:runner.runnerClass@635eaaf1]" started-at="2025-02-25T10:09:52 IST" name="setUpClass" finished-at="2025-02-25T10:09:53 IST" duration-ms="621" status="PASS">
          <params>
            <param index="0">
              <value>
                <![CDATA[org.testng.TestRunner@5542c4ed]]>
              </value>
            </param>
          </params>
          <reporter-output>
          </reporter-output>
        </test-method> <!-- setUpClass -->
        <test-method is-config="true" signature="beforeClass()[pri:0, instance:runner.runnerClass@635eaaf1]" started-at="2025-02-25T10:09:53 IST" name="beforeClass" finished-at="2025-02-25T10:09:53 IST" duration-ms="97" status="PASS">
          <reporter-output>
          </reporter-output>
        </test-method> <!-- beforeClass -->
        <test-method signature="runScenario(io.cucumber.testng.PickleWrapper,io.cucumber.testng.FeatureWrapper)[pri:0, instance:runner.runnerClass@635eaaf1]" started-at="2025-02-25T10:09:53 IST" name="runScenario" description="Runs Cucumber Scenarios" data-provider="scenarios" finished-at="2025-02-25T10:13:00 IST" duration-ms="187221" status="PASS">
          <params>
            <param index="0">
              <value>
                <![CDATA["Successful implementation of test case1"]]>
              </value>
            </param>
            <param index="1">
              <value>
                <![CDATA["VeevaSystems Automation coding Assessment"]]>
              </value>
            </param>
          </params>
          <reporter-output>
          </reporter-output>
        </test-method> <!-- runScenario -->
        <test-method is-config="true" signature="afterClass()[pri:0, instance:runner.runnerClass@635eaaf1]" started-at="2025-02-25T10:13:00 IST" name="afterClass" finished-at="2025-02-25T10:13:01 IST" duration-ms="603" status="PASS">
          <reporter-output>
          </reporter-output>
        </test-method> <!-- afterClass -->
        <test-method is-config="true" signature="tearDownClass()[pri:0, instance:runner.runnerClass@635eaaf1]" started-at="2025-02-25T10:13:01 IST" name="tearDownClass" finished-at="2025-02-25T10:13:01 IST" duration-ms="108" status="PASS">
          <reporter-output>
          </reporter-output>
        </test-method> <!-- tearDownClass -->
      </class> <!-- runner.runnerClass -->
    </test> <!-- /Users/nagadeepjiripurapu/launchApp -->
  </suite> <!-- Automation Veeva Assessment -->
</testng-results>
