<?xml version="1.0" encoding="UTF-8"?>
<testsuite xmlns:xsi="http://www.w3.org/2001/XMLSchema-instance" xsi:noNamespaceSchemaLocation="https://maven.apache.org/surefire/maven-surefire-plugin/xsd/surefire-test-report-3.0.xsd" version="3.0" name="TestSuite" time="164.372" tests="1" errors="0" skipped="0" failures="0">
  <properties>
[...]
</properties>
  <testcase name="runScenario[&quot;Count how much duration each slide is playing&quot;, &quot;VeevaSystems Automation coding Assessment&quot;](1)" classname="runner.runnerClass" time="162.206">
    <system-out><![CDATA[
Scenario: Count how much duration each slide is playing                                  # src/test/resources/features/cp.feature:16
****CHROME Application Launching with URL :: https://www.nba.com/sixers/  *****
Application Launched Successfully with :Sixers - The official site of the NBA for the latest NBA Scores, Stats & News. | NBA.com
  Given User navigates to derived product1 test url                                      # stepDefs.stepDefinitions.user_navigates_to_derived_product1_test_url()
The number of slides present are: 5
  When User Counting number of slides present under Tickets menu                         # stepDefs.stepDefinitions.user_counting_number_of_slides_present_under_tickets_menu()
Slide 0 title is correct: Sixers Host Bulls Tonight in South Philly
Slide 1 title is correct: 76ers Welcome Alex Reese with Two-Way Contract
Slide 2 title is correct: David Roddy Signs Two-Way Contract with 76ers
Slide 3 title is correct: 76ers Sign Lonnie Walker IV
Slide 4 title is correct: 76ers Celebrate Dikembe Mutombo
  Then Getting title of each slide and validate with expected test data                  # stepDefs.stepDefinitions.getting_title_of_each_slide_and_validate_with_expected_test_data()
Slide 1 duration is incorrect. Expected: 10 seconds, but got: 4 seconds
Slide 2 duration is incorrect. Expected: 10 seconds, but got: 13 seconds
Slide 3 duration is incorrect. Expected: 10 seconds, but got: 9 seconds
Slide 4 duration is incorrect. Expected: 10 seconds, but got: 11 seconds
Slide 5 duration is correct: 10 seconds
  Then Count how much time each slide is playing and validate with the expected duration # stepDefs.stepDefinitions.count_how_much_time_each_slide_is_playing_and_validate_with_the_expected_duration()
]]></system-out>
    <system-err><![CDATA[SLF4J: Failed to load class "org.slf4j.impl.StaticLoggerBinder".
SLF4J: Defaulting to no-operation (NOP) logger implementation
SLF4J: See http://www.slf4j.org/codes.html#StaticLoggerBinder for further details.
Feb 26, 2025 5:14:41 PM org.openqa.selenium.devtools.CdpVersionFinder findNearestMatch
WARNING: Unable to find an exact match for CDP version 133, returning the closest version; found: 131; Please update to a Selenium version that supports CDP version 133
]]></system-err>
  </testcase>
</testsuite>